  [1m[36m (229.1ms)[0m  [1mCREATE TABLE `schema_migrations` (`version` varchar(255) NOT NULL) ENGINE=InnoDB[0m
  [1m[35m (224.4ms)[0m  CREATE UNIQUE INDEX `unique_schema_migrations`  ON `schema_migrations` (`version`) 
  [1m[36mActiveRecord::SchemaMigration Load (0.2ms)[0m  [1mSELECT `schema_migrations`.* FROM `schema_migrations`[0m
Migrating to DeviseCreateUsers (20150529112604)
  [1m[35m (65.1ms)[0m  CREATE TABLE `users` (`id` int(11) auto_increment PRIMARY KEY, `email` varchar(255) DEFAULT '' NOT NULL, `encrypted_password` varchar(255) DEFAULT '' NOT NULL, `reset_password_token` varchar(255), `reset_password_sent_at` datetime, `remember_created_at` datetime, `sign_in_count` int(11) DEFAULT 0 NOT NULL, `current_sign_in_at` datetime, `last_sign_in_at` datetime, `current_sign_in_ip` varchar(255), `last_sign_in_ip` varchar(255), `created_at` datetime NOT NULL, `updated_at` datetime NOT NULL) ENGINE=InnoDB
  [1m[36m (124.3ms)[0m  [1mCREATE UNIQUE INDEX `index_users_on_email`  ON `users` (`email`) [0m
  [1m[35m (124.3ms)[0m  CREATE UNIQUE INDEX `index_users_on_reset_password_token`  ON `users` (`reset_password_token`) 
  [1m[36m (0.3ms)[0m  [1mBEGIN[0m
  [1m[35mSQL (0.7ms)[0m  INSERT INTO `schema_migrations` (`version`) VALUES ('20150529112604')
  [1m[36m (37.4ms)[0m  [1mCOMMIT[0m
Migrating to AddNameToUsers (20150529112607)
  [1m[35m (125.0ms)[0m  ALTER TABLE `users` ADD `name` varchar(255)
  [1m[36m (0.1ms)[0m  [1mBEGIN[0m
  [1m[35mSQL (0.2ms)[0m  INSERT INTO `schema_migrations` (`version`) VALUES ('20150529112607')
  [1m[36m (23.0ms)[0m  [1mCOMMIT[0m
  [1m[35mActiveRecord::SchemaMigration Load (0.3ms)[0m  SELECT `schema_migrations`.* FROM `schema_migrations`
  [1m[36m (17.0ms)[0m  [1mSELECT fk.referenced_table_name as 'to_table'
      ,fk.referenced_column_name as 'primary_key'
      ,fk.column_name as 'column'
      ,fk.constraint_name as 'name'
FROM information_schema.key_column_usage fk
WHERE fk.referenced_column_name is not null
  AND fk.table_schema = 'malashop_development'
  AND fk.table_name = 'users'
[0m
  [1m[35m (0.2ms)[0m  SHOW CREATE TABLE `users`
  [1m[36mActiveRecord::SchemaMigration Load (0.1ms)[0m  [1mSELECT `schema_migrations`.* FROM `schema_migrations`[0m
  [1m[35mActiveRecord::SchemaMigration Load (0.1ms)[0m  SELECT `schema_migrations`.* FROM `schema_migrations`
  [1m[36m (0.4ms)[0m  [1mSELECT fk.referenced_table_name as 'to_table'
      ,fk.referenced_column_name as 'primary_key'
      ,fk.column_name as 'column'
      ,fk.constraint_name as 'name'
FROM information_schema.key_column_usage fk
WHERE fk.referenced_column_name is not null
  AND fk.table_schema = 'malashop_development'
  AND fk.table_name = 'users'
[0m
  [1m[35m (0.2ms)[0m  SHOW CREATE TABLE `users`
  [1m[36mActiveRecord::SchemaMigration Load (0.1ms)[0m  [1mSELECT `schema_migrations`.* FROM `schema_migrations`[0m
  [1m[35mUser Load (0.4ms)[0m  SELECT  `users`.* FROM `users` WHERE `users`.`email` = 'user@example.com' LIMIT 1
  [1m[36m (0.1ms)[0m  [1mBEGIN[0m
  [1m[35mUser Exists (34.5ms)[0m  SELECT  1 AS one FROM `users` WHERE `users`.`email` = BINARY 'user@example.com' LIMIT 1
  [1m[36mSQL (0.3ms)[0m  [1mINSERT INTO `users` (`email`, `encrypted_password`, `created_at`, `updated_at`) VALUES ('user@example.com', '$2a$10$zLpVj5vO5uE0HPSwS4uA1e6rFgsc8Xpj9BQCOTBar.9ge.rCzAoFu', '2015-05-29 11:26:36.585298', '2015-05-29 11:26:36.585298')[0m
  [1m[35m (29.8ms)[0m  COMMIT


Started GET "/" for 127.0.0.1 at 2015-05-29 17:02:55 +0530
  [1m[36mActiveRecord::SchemaMigration Load (0.2ms)[0m  [1mSELECT `schema_migrations`.* FROM `schema_migrations`[0m
Processing by VisitorsController#index as HTML
  [1m[35m (22.1ms)[0m  SELECT COUNT(*) FROM `users`
  Rendered visitors/index.html.erb within layouts/application (29.6ms)
  Rendered layouts/_navigation_links.html.erb (8.0ms)
  Rendered layouts/_navigation.html.erb (10.2ms)
  Rendered layouts/_messages.html.erb (0.8ms)
Completed 200 OK in 7834ms (Views: 7762.5ms | ActiveRecord: 23.3ms)


Started GET "/" for 127.0.0.1 at 2015-05-29 17:03:10 +0530
Processing by VisitorsController#index as HTML
  [1m[36m (0.2ms)[0m  [1mSELECT COUNT(*) FROM `users`[0m
  Rendered visitors/index.html.erb within layouts/application (2.6ms)
  Rendered layouts/_navigation_links.html.erb (1.2ms)
  Rendered layouts/_navigation.html.erb (3.0ms)
  Rendered layouts/_messages.html.erb (0.7ms)
Completed 200 OK in 125ms (Views: 123.7ms | ActiveRecord: 0.2ms)


Started GET "/users/sign_in" for 127.0.0.1 at 2015-05-29 17:03:13 +0530
Processing by Devise::SessionsController#new as HTML
  Rendered devise/sessions/new.html.erb within layouts/application (113.7ms)
  Rendered layouts/_navigation_links.html.erb (0.5ms)
  Rendered layouts/_navigation.html.erb (1.6ms)
  Rendered layouts/_messages.html.erb (0.1ms)
Completed 200 OK in 257ms (Views: 241.0ms | ActiveRecord: 0.5ms)


Started GET "/users/sign_up" for 127.0.0.1 at 2015-05-29 17:04:38 +0530
Processing by Devise::RegistrationsController#new as HTML
  Rendered devise/registrations/new.html.erb within layouts/application (19.0ms)
  Rendered layouts/_navigation_links.html.erb (0.5ms)
  Rendered layouts/_navigation.html.erb (1.6ms)
  Rendered layouts/_messages.html.erb (0.1ms)
Completed 200 OK in 142ms (Views: 140.4ms | ActiveRecord: 0.0ms)


Started GET "/users/sign_in" for 127.0.0.1 at 2015-05-29 17:04:42 +0530
Processing by Devise::SessionsController#new as HTML
  Rendered devise/sessions/new.html.erb within layouts/application (24.2ms)
  Rendered layouts/_navigation_links.html.erb (0.5ms)
  Rendered layouts/_navigation.html.erb (1.5ms)
  Rendered layouts/_messages.html.erb (0.1ms)
Completed 200 OK in 148ms (Views: 145.7ms | ActiveRecord: 0.0ms)


Started GET "/users/sign_in" for 127.0.0.1 at 2015-05-29 17:09:12 +0530
Processing by Devise::SessionsController#new as HTML
  Rendered devise/sessions/new.html.erb within layouts/application (16.5ms)
  Rendered layouts/_navigation_links.html.erb (1.2ms)
  Rendered layouts/_navigation.html.erb (2.3ms)
  Rendered layouts/_messages.html.erb (0.2ms)
Completed 200 OK in 318ms (Views: 170.1ms | ActiveRecord: 0.0ms)


Started GET "/users/sign_in" for 127.0.0.1 at 2015-05-29 17:10:36 +0530
Processing by Devise::SessionsController#new as HTML
  Rendered devise/sessions/new.html.erb within layouts/application (29.9ms)
  Rendered layouts/_navigation_links.html.erb (1.8ms)
  Rendered layouts/_navigation.html.erb (3.1ms)
  Rendered layouts/_messages.html.erb (0.2ms)
Completed 200 OK in 189ms (Views: 187.1ms | ActiveRecord: 0.0ms)


Started GET "/users/sign_up" for 127.0.0.1 at 2015-05-29 17:10:55 +0530
Processing by Devise::RegistrationsController#new as HTML
  Rendered devise/registrations/new.html.erb within layouts/application (11.1ms)
  Rendered layouts/_navigation_links.html.erb (0.5ms)
  Rendered layouts/_navigation.html.erb (1.6ms)
  Rendered layouts/_messages.html.erb (0.1ms)
Completed 200 OK in 151ms (Views: 149.6ms | ActiveRecord: 0.0ms)


Started POST "/users" for 127.0.0.1 at 2015-05-29 17:11:20 +0530
Processing by Devise::RegistrationsController#create as HTML
  Parameters: {"utf8"=>"✓", "authenticity_token"=>"gxdL+irRgZrNMGBpzHXwexcaFUZk7U1BvQfuXRee7SoygucimtqY/2dnTsApAp1/iKyyh8W44Kk4cw/Y16V7Rw==", "user"=>{"name"=>"promise", "email"=>"admin@gmail.com", "password"=>"[FILTERED]", "password_confirmation"=>"[FILTERED]"}, "commit"=>"Sign up"}
  [1m[35m (0.1ms)[0m  BEGIN
  [1m[36mUser Exists (20.8ms)[0m  [1mSELECT  1 AS one FROM `users` WHERE `users`.`email` = BINARY 'admin@gmail.com' LIMIT 1[0m
  [1m[35mSQL (0.3ms)[0m  INSERT INTO `users` (`email`, `encrypted_password`, `name`, `created_at`, `updated_at`) VALUES ('admin@gmail.com', '$2a$10$ikszxvLHZreZiXCp/81SGugrzi6iVaRptE01r4qLOr0uqgpwXxW9C', 'promise', '2015-05-29 11:41:20.910723', '2015-05-29 11:41:20.910723')
  [1m[36m (103.0ms)[0m  [1mCOMMIT[0m
  [1m[35m (0.3ms)[0m  BEGIN
  [1m[36mSQL (0.4ms)[0m  [1mUPDATE `users` SET `last_sign_in_at` = '2015-05-29 11:41:21.017648', `current_sign_in_at` = '2015-05-29 11:41:21.017648', `last_sign_in_ip` = '127.0.0.1', `current_sign_in_ip` = '127.0.0.1', `sign_in_count` = 1, `updated_at` = '2015-05-29 11:41:21.019583' WHERE `users`.`id` = 2[0m
  [1m[35m (40.0ms)[0m  COMMIT
Redirected to http://localhost:3000/
Completed 302 Found in 314ms (ActiveRecord: 164.9ms)


Started GET "/" for 127.0.0.1 at 2015-05-29 17:11:21 +0530
Processing by VisitorsController#index as HTML
  [1m[36m (0.3ms)[0m  [1mSELECT COUNT(*) FROM `users`[0m
  Rendered visitors/index.html.erb within layouts/application (1.7ms)
  [1m[35mUser Load (0.4ms)[0m  SELECT  `users`.* FROM `users` WHERE `users`.`id` = 2  ORDER BY `users`.`id` ASC LIMIT 1
  Rendered layouts/_navigation_links.html.erb (2.7ms)
  Rendered layouts/_navigation.html.erb (3.7ms)
  Rendered layouts/_messages.html.erb (0.2ms)
Completed 200 OK in 133ms (Views: 131.5ms | ActiveRecord: 0.7ms)


Started GET "/users/edit" for 127.0.0.1 at 2015-05-29 17:11:27 +0530
Processing by Devise::RegistrationsController#edit as HTML
  [1m[36mUser Load (0.2ms)[0m  [1mSELECT  `users`.* FROM `users` WHERE `users`.`id` = 2  ORDER BY `users`.`id` ASC LIMIT 1[0m
  Rendered devise/registrations/edit.html.erb within layouts/application (14.9ms)
  Rendered layouts/_navigation_links.html.erb (1.1ms)
  Rendered layouts/_navigation.html.erb (2.3ms)
  Rendered layouts/_messages.html.erb (0.2ms)
Completed 200 OK in 185ms (Views: 182.6ms | ActiveRecord: 0.2ms)


Started GET "/users" for 127.0.0.1 at 2015-05-29 17:11:37 +0530
Processing by UsersController#index as HTML
  [1m[35mUser Load (0.2ms)[0m  SELECT  `users`.* FROM `users` WHERE `users`.`id` = 2  ORDER BY `users`.`id` ASC LIMIT 1
  [1m[36mUser Load (0.6ms)[0m  [1mSELECT `users`.* FROM `users`[0m
  Rendered users/_user.html.erb (3.6ms)
  Rendered users/_user.html.erb (0.7ms)
  Rendered users/index.html.erb within layouts/application (14.4ms)
  Rendered layouts/_navigation_links.html.erb (0.5ms)
  Rendered layouts/_navigation.html.erb (1.8ms)
  Rendered layouts/_messages.html.erb (0.2ms)
Completed 200 OK in 166ms (Views: 160.4ms | ActiveRecord: 0.8ms)


Started GET "/" for 127.0.0.1 at 2015-05-29 17:21:57 +0530
Processing by VisitorsController#index as HTML
  [1m[35m (0.1ms)[0m  SELECT COUNT(*) FROM `users`
  Rendered visitors/index.html.erb within layouts/application (1.4ms)
  [1m[36mUser Load (0.2ms)[0m  [1mSELECT  `users`.* FROM `users` WHERE `users`.`id` = 2  ORDER BY `users`.`id` ASC LIMIT 1[0m
  Rendered layouts/_navigation_links.html.erb (2.1ms)
  Rendered layouts/_navigation.html.erb (3.5ms)
  Rendered layouts/_messages.html.erb (0.2ms)
Completed 200 OK in 148ms (Views: 146.5ms | ActiveRecord: 0.3ms)
